c:\users\sean9\documents\github projects\parallel-project\parallel\histogram\x64\debug\vc140.pdb
c:\users\sean9\documents\github projects\parallel-project\parallel\histogram\x64\debug\vc140.idb
c:\users\sean9\documents\github projects\parallel-project\parallel\histogram\x64\debug\arraylist.obj
c:\users\sean9\documents\github projects\parallel-project\parallel\histogram\x64\debug\cluster.obj
c:\users\sean9\documents\github projects\parallel-project\parallel\histogram\x64\debug\kmean.obj
c:\users\sean9\documents\github projects\parallel-project\parallel\histogram\x64\debug\main.obj
c:\users\sean9\documents\github projects\parallel-project\parallel\histogram\x64\debug\point.obj
c:\users\sean9\documents\github projects\parallel-project\parallel\x64\debug\histogram.lib
c:\users\sean9\documents\github projects\parallel-project\parallel\x64\debug\histogram.exp
c:\users\sean9\documents\github projects\parallel-project\parallel\x64\debug\histogram.ilk
c:\users\sean9\documents\github projects\parallel-project\parallel\x64\debug\histogram.exe
c:\users\sean9\documents\github projects\parallel-project\parallel\x64\debug\histogram.pdb
c:\users\sean9\documents\github projects\parallel-project\parallel\histogram\x64\debug\kernel.cu.cache
c:\users\sean9\documents\github projects\parallel-project\parallel\histogram\x64\debug\kernel.cu.obj
c:\users\sean9\documents\github projects\parallel-project\parallel\histogram\x64\debug\histogram.tlog\cl.command.1.tlog
c:\users\sean9\documents\github projects\parallel-project\parallel\histogram\x64\debug\histogram.tlog\cl.read.1.tlog
c:\users\sean9\documents\github projects\parallel-project\parallel\histogram\x64\debug\histogram.tlog\cl.write.1.tlog
c:\users\sean9\documents\github projects\parallel-project\parallel\histogram\x64\debug\histogram.tlog\histogram.write.1u.tlog
c:\users\sean9\documents\github projects\parallel-project\parallel\histogram\x64\debug\histogram.tlog\link.command.1.tlog
c:\users\sean9\documents\github projects\parallel-project\parallel\histogram\x64\debug\histogram.tlog\link.read.1.tlog
c:\users\sean9\documents\github projects\parallel-project\parallel\histogram\x64\debug\histogram.tlog\link.write.1.tlog
