  
  C:\Users\afeka\Desktop\Parallel kmeans final\Parallel kmeans final>"C:\Program Files\NVIDIA GPU Computing Toolkit\CUDA\v8.0\bin\nvcc.exe" -ccbin "C:\Program Files (x86)\Microsoft Visual Studio 14.0\VC\bin\x86_amd64"  -I"C:\Program Files\MPICH2\include" -I"C:\Program Files\NVIDIA GPU Computing Toolkit\CUDA\v8.0\include" -I"C:\Program Files\NVIDIA GPU Computing Toolkit\CUDA\v8.0\include"  -G   --keep-dir x64\Debug -maxrregcount=0  --machine 64 --compile   -g   -DWIN32 -DWIN64 -D_DEBUG -D_CONSOLE -D_MBCS -Xcompiler "/EHsc /W3 /nologo /Od /FS /Zi /RTC1 /MDd " -o x64\Debug\kernel.cu.obj "C:\Users\afeka\Desktop\Parallel kmeans final\Parallel kmeans final\kernel.cu" -clean 
CUDACOMPILE : nvcc warning : The 'compute_20', 'sm_20', and 'sm_21' architectures are deprecated, and may be removed in a future release (Use -Wno-deprecated-gpu-targets to suppress warning).
  kernel.cu
  Compiling CUDA source file kernel.cu...
  
  C:\Users\afeka\Desktop\Parallel kmeans final\Parallel kmeans final>"C:\Program Files\NVIDIA GPU Computing Toolkit\CUDA\v8.0\bin\nvcc.exe" -gencode=arch=compute_20,code=\"sm_20,compute_20\" --use-local-env --cl-version 2015 -ccbin "C:\Program Files (x86)\Microsoft Visual Studio 14.0\VC\bin\x86_amd64"  -I"C:\Program Files\MPICH2\include" -I"C:\Program Files\NVIDIA GPU Computing Toolkit\CUDA\v8.0\include" -I"C:\Program Files\NVIDIA GPU Computing Toolkit\CUDA\v8.0\include"  -G   --keep-dir x64\Debug -maxrregcount=0  --machine 64 --compile -cudart static  -g   -DWIN32 -DWIN64 -D_DEBUG -D_CONSOLE -D_MBCS -Xcompiler "/EHsc /W3 /nologo /Od /FS /Zi /RTC1 /MDd " -o x64\Debug\kernel.cu.obj "C:\Users\afeka\Desktop\Parallel kmeans final\Parallel kmeans final\kernel.cu" 
CUDACOMPILE : nvcc warning : The 'compute_20', 'sm_20', and 'sm_21' architectures are deprecated, and may be removed in a future release (Use -Wno-deprecated-gpu-targets to suppress warning).
  kernel.cu
  Point.cpp
  Main.cpp
c:\users\afeka\desktop\parallel kmeans final\parallel kmeans final\main.cpp(120): warning C4101: 'status': unreferenced local variable
c:\users\afeka\desktop\parallel kmeans final\parallel kmeans final\main.cpp(307): warning C4474: 'printf' : too many arguments passed for format string
  c:\users\afeka\desktop\parallel kmeans final\parallel kmeans final\main.cpp(307): note: placeholders and their parameters expect 2 variadic arguments, but 3 were provided
  KMean.cpp
  Cluster.cpp
  Generating Code...
  Parallel kmeans final.vcxproj -> C:\Users\afeka\Desktop\Parallel kmeans final\x64\Debug\Parallel kmeans final.exe
  Parallel kmeans final.vcxproj -> C:\Users\afeka\Desktop\Parallel kmeans final\x64\Debug\Parallel kmeans final.pdb (Full PDB)
  copy "C:\Program Files\NVIDIA GPU Computing Toolkit\CUDA\v8.0\bin\cudart*.dll" "C:\Users\afeka\Desktop\Parallel kmeans final\x64\Debug\"
  C:\Program Files\NVIDIA GPU Computing Toolkit\CUDA\v8.0\bin\cudart32_80.dll
  C:\Program Files\NVIDIA GPU Computing Toolkit\CUDA\v8.0\bin\cudart64_80.dll
          2 file(s) copied.
